{"logTime": "0416/155757", "correlationVector":"p3sosVOWl+rCYFiuEQ0Bgf.1","action":"SyncServerConnectionManagerRequest", "result":"SYNC_SERVER_OK", "context":{"environment":"Prod_southeastasia_prod-s01-064-apac-southeastasia", "migrationStage":"NotStarted", "server":"akswtt00000000g"}}
{"logTime": "0416/155757", "correlationVector":"p3sosVOWl+rCYFiuEQ0Bgf.2","action":"ProcessGetUpdates", "result":"Done", "context":{"dataType":"Encryption Keys", "deleted":"0", "process_failed_to_decrypt":"0", "process_pending_decryption":"0", "process_success":"1", "total":"1"}}
{"logTime": "0416/155758", "correlationVector":"27ydoi9FSF0LoIhjlEFIkE","action":"SyncServerConnectionManagerRequest", "result":"SYNC_SERVER_OK", "context":{"environment":"", "migrationStage":"", "server":""}}
{"logTime": "0416/155758", "correlationVector":"27ydoi9FSF0LoIhjlEFIkE.0","action":"EncryptionKeysFetcher.DownloadKeys:", "result":"Success", "context":Key count: 6, Last key timestamp: 2025-12-11T21:48:26Z}
{"logTime": "0416/155758", "correlationVector":"27ydoi9FSF0LoIhjlEFIkE.1","action":"EncryptionKeysManager::SetEncryptionKeys:", "result":"Success", "context":Key names[6]:[LMQ7HvFNSol6b0kW9MvhFNV1Pe87SJxwxEV6wupOCfYNK9J2ACCuT/U6L0c7uP2ZkyKBP8Ve3GTARfg4MWytbA==][rhldlGCeZgD+Z+a7876349zMyXkCyYw3E9VI2jy7A3lEPpxVx1eX7VbNrjYWBF57JNivIlWTMaJAJ189sXhbEA==][1khAw7k4O/XV9u/AlvOXr3HGNsWzttv9Cr3y9xJ3iKYD6rGakmAwYExOXcc8vV0I5ZTs7gdGtIkP9y5nx3wm8A==][cvLmwK1XY3HRgdBdAYJSA/EyDCiZlhruwCQvcUHJKEtUmcimh5NL9JUdAEv+B6cyKTgVros8Y5GQskMORjh8nQ==][u6Ik+BVSm8XH2BjaSgFbCZANTOMZ9wgPqDE+BHPh/juF5ew+zDxWG+YDIA2bWBHQVTXgerYsGi9/S5p5KAk9iw==][oahtSUKat05Sc+VIXRzoq+xhycaX9/88XghcRTob7VmxBt5V6LMV+O9aTn06RvbF5OeUp+vmrOGFZsMcZK/qoQ==]}
{"logTime": "0416/155758", "correlationVector":"27ydoi9FSF0LoIhjlEFIkE.2","action":"EncryptionKeysManager::SetEncryptionKeysWithTimestamps:", "result":"Success", "context":Key timestamps[6]:[2023-06-12T04:38:41Z][2023-12-10T07:15:52Z][2024-06-14T17:04:08Z][2024-12-15T12:22:15Z][2025-06-14T05:19:13Z][2025-12-11T21:48:26Z]}
{"logTime": "0416/155758", "correlationVector":"p3sosVOWl+rCYFiuEQ0Bgf","action":"Initial GetUpdates", "result":"", "context":Reason: NEW_CLIENT. cV=p3sosVOWl+rCYFiuEQ0Bgf}
{"logTime": "0416/155758", "correlationVector":"p3sosVOWl+rCYFiuEQ0Bgf.3","action":"GetUpdates Response", "result":"Success", "context":Received 1 update(s). cV=p3sosVOWl+rCYFiuEQ0Bgf.0;server=akswtt00000000g;cloudType=Consumer;environment=Prod_southeastasia_prod-s01-064-apac-southeastasia;migrationStage=NotStarted}
{"logTime": "0416/155758", "correlationVector":"mDkF6xtqZHT7iqwGF40YAl","action":"Initial GetUpdates", "result":"", "context":Reason: NEWLY_SUPPORTED_DATATYPE. cV=mDkF6xtqZHT7iqwGF40YAl}
{"logTime": "0416/155759", "correlationVector":"mDkF6xtqZHT7iqwGF40YAl.1","action":"SyncServerConnectionManagerRequest", "result":"SYNC_SERVER_OK", "context":{"environment":"Prod_southeastasia_prod-s01-065-apac-southeastasia", "migrationStage":"NotStarted", "server":"akswtt00000000g"}}
{"logTime": "0416/155759", "correlationVector":"mDkF6xtqZHT7iqwGF40YAl.2","action":"ProcessGetUpdates", "result":"Done", "context":{"dataType":"Preferences", "deleted":"0", "process_failed_to_decrypt":"0", "process_pending_decryption":"0", "process_success":"82", "total":"82"}}
{"logTime": "0416/155759", "correlationVector":"mDkF6xtqZHT7iqwGF40YAl.3","action":"ProcessGetUpdates", "result":"Done", "context":{"dataType":"Passwords", "deleted":"0", "process_failed_to_decrypt":"0", "process_pending_decryption":"0", "process_success":"13", "total":"13"}}
{"logTime": "0416/155759", "correlationVector":"mDkF6xtqZHT7iqwGF40YAl.4","action":"ProcessGetUpdates", "result":"Done", "context":{"dataType":"Device Info", "deleted":"0", "process_failed_to_decrypt":"0", "process_pending_decryption":"0", "process_success":"8", "total":"8"}}
{"logTime": "0416/155759", "correlationVector":"mDkF6xtqZHT7iqwGF40YAl.5","action":"GetUpdates Response", "result":"Success", "context":Received 103 update(s). cV=mDkF6xtqZHT7iqwGF40YAl.0;server=akswtt00000000g;cloudType=Consumer;environment=Prod_southeastasia_prod-s01-065-apac-southeastasia;migrationStage=NotStarted}
{"logTime": "0416/155759", "correlationVector":"3f1ZkJMkJrK76TddZgUrcD","action":"Initial GetUpdates", "result":"", "context":Reason: NEWLY_SUPPORTED_DATATYPE. cV=3f1ZkJMkJrK76TddZgUrcD}
{"logTime": "0416/155759", "correlationVector":"3f1ZkJMkJrK76TddZgUrcD.1","action":"SyncServerConnectionManagerRequest", "result":"SYNC_SERVER_OK", "context":{"environment":"Prod_southeastasia_prod-s01-065-apac-southeastasia", "migrationStage":"NotStarted", "server":"akswtt00000000k"}}
{"logTime": "0416/155759", "correlationVector":"3f1ZkJMkJrK76TddZgUrcD.2","action":"ProcessGetUpdates", "result":"Done", "context":{"dataType":"Autofill Profiles", "deleted":"3", "process_failed_to_decrypt":"0", "process_pending_decryption":"0", "process_success":"4", "total":"4"}}
{"logTime": "0416/155759", "correlationVector":"3f1ZkJMkJrK76TddZgUrcD.3","action":"ProcessGetUpdates", "result":"Done", "context":{"dataType":"Autofill", "deleted":"0", "process_failed_to_decrypt":"0", "process_pending_decryption":"0", "process_success":"56", "total":"56"}}
{"logTime": "0416/155759", "correlationVector":"3f1ZkJMkJrK76TddZgUrcD.4","action":"ProcessGetUpdates", "result":"Done", "context":{"dataType":"Sessions", "deleted":"33", "process_failed_to_decrypt":"0", "process_pending_decryption":"0", "process_success":"40", "total":"40"}}
{"logTime": "0416/155759", "correlationVector":"3f1ZkJMkJrK76TddZgUrcD.5","action":"ProcessGetUpdates", "result":"Done", "context":{"dataType":"Edge Hub App Usage", "deleted":"2", "process_failed_to_decrypt":"0", "process_pending_decryption":"0", "process_success":"5", "total":"5"}}
{"logTime": "0416/155759", "correlationVector":"3f1ZkJMkJrK76TddZgUrcD.6","action":"GetUpdates Response", "result":"Success", "context":Received 105 update(s). cV=3f1ZkJMkJrK76TddZgUrcD.0;server=akswtt00000000k;cloudType=Consumer;environment=Prod_southeastasia_prod-s01-065-apac-southeastasia;migrationStage=NotStarted}
{"logTime": "0416/155759", "correlationVector":"xcwL6FjYoY9yMAxLskOu5Y","action":"Normal GetUpdate request", "result":"", "context":cV=xcwL6FjYoY9yMAxLskOu5Y
Nudged types: Sessions, Device Info, History
Refresh requested types: Bookmarks, Preferences, Passwords, Autofill Profiles, Autofill, Extensions, Sessions, Extension settings, History Delete Directives, Device Info, User Consents, Send Tab To Self, Web Apps, History, Saved Tab Group, WebAuthn Credentials, Collection, Edge E Drop, Edge Hub App Usage, Edge Wallet, Edge Workspace, Encryption Keys}
{"logTime": "0416/155800", "correlationVector":"xcwL6FjYoY9yMAxLskOu5Y.1","action":"SyncServerConnectionManagerRequest", "result":"SYNC_SERVER_OK", "context":{"environment":"Prod_southeastasia_prod-s01-065-apac-southeastasia", "migrationStage":"NotStarted", "server":"akswtt00000000d"}}
{"logTime": "0416/155800", "correlationVector":"xcwL6FjYoY9yMAxLskOu5Y.2","action":"ProcessGetUpdates", "result":"Done", "context":{"dataType":"History", "deleted":"0", "process_failed_to_decrypt":"0", "process_pending_decryption":"0", "process_success":"39", "total":"39"}}
{"logTime": "0416/155800", "correlationVector":"xcwL6FjYoY9yMAxLskOu5Y.3","action":"GetUpdates Response", "result":"Success", "context":Received 39 update(s). cV=xcwL6FjYoY9yMAxLskOu5Y.0;server=akswtt00000000d;cloudType=Consumer;environment=Prod_southeastasia_prod-s01-065-apac-southeastasia;migrationStage=NotStarted}
{"logTime": "0416/155800", "correlationVector":"EQQOCYqTsaoO2VHcRWPH7n","action":"Commit Request", "result":"", "context":Item count: 4
Contributing types: Sessions, Device Info, History}
{"logTime": "0416/155801", "correlationVector":"EQQOCYqTsaoO2VHcRWPH7n.1","action":"SyncServerConnectionManagerRequest", "result":"SYNC_SERVER_OK", "context":{"environment":"Prod_southeastasia_prod-s01-065-apac-southeastasia", "migrationStage":"NotStarted", "server":"akswtt000000008"}}
{"logTime": "0416/155801", "correlationVector":"EQQOCYqTsaoO2VHcRWPH7n.2","action":"Commit Response", "result":"Success", "context":Result: Success. cV=EQQOCYqTsaoO2VHcRWPH7n.0;server=akswtt000000008;cloudType=Consumer;environment=Prod_southeastasia_prod-s01-065-apac-southeastasia;migrationStage=NotStarted}
{"logTime": "0416/155801", "correlationVector":"xkSGG0YpHdcm59Pa9LmwTm","action":"Commit Request", "result":"", "context":Item count: 1
Contributing types: Sessions}
{"logTime": "0416/155802", "correlationVector":"xkSGG0YpHdcm59Pa9LmwTm.1","action":"SyncServerConnectionManagerRequest", "result":"SYNC_SERVER_OK", "context":{"environment":"Prod_southeastasia_prod-s01-065-apac-southeastasia", "migrationStage":"NotStarted", "server":"akswtt000000007"}}
{"logTime": "0416/155802", "correlationVector":"xkSGG0YpHdcm59Pa9LmwTm.2","action":"Commit Response", "result":"Success", "context":Result: Success. cV=xkSGG0YpHdcm59Pa9LmwTm.0;server=akswtt000000007;cloudType=Consumer;environment=Prod_southeastasia_prod-s01-065-apac-southeastasia;migrationStage=NotStarted}
{"logTime": "0416/155805", "correlationVector":"5TTly/yh0YsmXLI+LpaO8W","action":"Commit Request", "result":"", "context":Item count: 10
Contributing types: Preferences, Passwords}
{"logTime": "0416/155806", "correlationVector":"5TTly/yh0YsmXLI+LpaO8W.1","action":"SyncServerConnectionManagerRequest", "result":"SYNC_SERVER_OK", "context":{"environment":"Prod_southeastasia_prod-s01-065-apac-southeastasia", "migrationStage":"NotStarted", "server":"akswtt000000009"}}
{"logTime": "0416/155806", "correlationVector":"5TTly/yh0YsmXLI+LpaO8W.2","action":"Commit Response", "result":"Success", "context":Result: Success. cV=5TTly/yh0YsmXLI+LpaO8W.0;server=akswtt000000009;cloudType=Consumer;environment=Prod_southeastasia_prod-s01-065-apac-southeastasia;migrationStage=NotStarted}
